0 info it worked if it ends with ok
1 verbose cli [ 'C:\\Program Files\\nodejs\\node.exe',
1 verbose cli   'C:\\Program Files\\nodejs\\node_modules\\npm\\bin\\npm-cli.js',
1 verbose cli   'install',
1 verbose cli   'ng-iban-custom' ]
2 info using npm@2.15.9
3 info using node@v4.6.0
4 verbose install initial load of D:\PayLe\PayLe\package.json
5 warn package.json payle@1.1.1 No repository field.
6 warn package.json payle@1.1.1 No README data
7 warn package.json payle@1.1.1 No license field.
8 verbose installManyTop reading scoped package data from D:\PayLe\PayLe\node_modules\angular\package.json
9 verbose installManyTop reading scoped package data from D:\PayLe\PayLe\node_modules\angular-animate\package.json
10 verbose installManyTop reading scoped package data from D:\PayLe\PayLe\node_modules\angular-aria\package.json
11 verbose installManyTop reading scoped package data from D:\PayLe\PayLe\node_modules\angular-material\package.json
12 verbose installManyTop reading scoped package data from D:\PayLe\PayLe\node_modules\angular-translate\package.json
13 verbose installManyTop reading scoped package data from D:\PayLe\PayLe\node_modules\body-parser\package.json
14 verbose installManyTop reading scoped package data from D:\PayLe\PayLe\node_modules\bower\package.json
15 verbose installManyTop reading scoped package data from D:\PayLe\PayLe\node_modules\express\package.json
16 verbose installManyTop reading scoped package data from D:\PayLe\PayLe\node_modules\gulp\package.json
17 verbose installManyTop reading scoped package data from D:\PayLe\PayLe\node_modules\gulp-concat\package.json
18 verbose installManyTop reading scoped package data from D:\PayLe\PayLe\node_modules\gulp-minify-css\package.json
19 verbose installManyTop reading scoped package data from D:\PayLe\PayLe\node_modules\gulp-rename\package.json
20 verbose installManyTop reading scoped package data from D:\PayLe\PayLe\node_modules\gulp-sass\package.json
21 verbose installManyTop reading scoped package data from D:\PayLe\PayLe\node_modules\gulp-util\package.json
22 verbose installManyTop reading scoped package data from D:\PayLe\PayLe\node_modules\ionic-datepicker\package.json
23 verbose installManyTop reading scoped package data from D:\PayLe\PayLe\node_modules\ng-cordova\package.json
24 verbose installManyTop reading scoped package data from D:\PayLe\PayLe\node_modules\node-gcm\package.json
25 verbose installManyTop reading scoped package data from D:\PayLe\PayLe\node_modules\shelljs\package.json
26 info package.json gulp-rename@1.2.2 No license field.
27 info package.json gulp-util@2.2.20 No license field.
28 info package.json gulp-minify-css@0.3.13 No license field.
29 info package.json shelljs@0.3.0 license should be a valid SPDX license expression
30 info package.json ng-cordova@0.1.27-alpha No license field.
31 info package.json ionic-datepicker@1.1.0 No repository field.
32 info package.json angular-material@1.1.1 No license field.
33 verbose readDependencies loading dependencies from D:\PayLe\PayLe\package.json
34 silly cache add args [ 'ng-iban-custom', null ]
35 verbose cache add spec ng-iban-custom
36 silly cache add parsed spec Result {
36 silly cache add   raw: 'ng-iban-custom',
36 silly cache add   scope: null,
36 silly cache add   name: 'ng-iban-custom',
36 silly cache add   rawSpec: '',
36 silly cache add   spec: 'latest',
36 silly cache add   type: 'tag' }
37 silly addNamed ng-iban-custom@latest
38 verbose addNamed "latest" is being treated as a dist-tag for ng-iban-custom
39 info addNameTag [ 'ng-iban-custom', 'latest' ]
40 silly mapToRegistry name ng-iban-custom
41 silly mapToRegistry using default registry
42 silly mapToRegistry registry https://registry.npmjs.org/
43 silly mapToRegistry data Result {
43 silly mapToRegistry   raw: 'ng-iban-custom',
43 silly mapToRegistry   scope: null,
43 silly mapToRegistry   name: 'ng-iban-custom',
43 silly mapToRegistry   rawSpec: '',
43 silly mapToRegistry   spec: 'latest',
43 silly mapToRegistry   type: 'tag' }
44 silly mapToRegistry uri https://registry.npmjs.org/ng-iban-custom
45 verbose addNameTag registry:https://registry.npmjs.org/ng-iban-custom not in flight; fetching
46 verbose request uri https://registry.npmjs.org/ng-iban-custom
47 verbose request no auth needed
48 info attempt registry request try #1 at 12:32:24 PM
49 verbose request id d14df6f1ca60090a
50 http request GET https://registry.npmjs.org/ng-iban-custom
51 http 404 https://registry.npmjs.org/ng-iban-custom
52 verbose headers { 'content-type': 'application/json',
52 verbose headers   'cache-control': 'max-age=0',
52 verbose headers   'content-length': '2',
52 verbose headers   'accept-ranges': 'bytes',
52 verbose headers   date: 'Wed, 09 Nov 2016 07:02:26 GMT',
52 verbose headers   via: '1.1 varnish',
52 verbose headers   age: '0',
52 verbose headers   connection: 'keep-alive',
52 verbose headers   'x-served-by': 'cache-sin6927-SIN',
52 verbose headers   'x-cache': 'MISS',
52 verbose headers   'x-cache-hits': '0',
52 verbose headers   'x-timer': 'S1478674945.169167,VS0,VE926',
52 verbose headers   vary: 'Accept-Encoding' }
53 silly get cb [ 404,
53 silly get   { 'content-type': 'application/json',
53 silly get     'cache-control': 'max-age=0',
53 silly get     'content-length': '2',
53 silly get     'accept-ranges': 'bytes',
53 silly get     date: 'Wed, 09 Nov 2016 07:02:26 GMT',
53 silly get     via: '1.1 varnish',
53 silly get     age: '0',
53 silly get     connection: 'keep-alive',
53 silly get     'x-served-by': 'cache-sin6927-SIN',
53 silly get     'x-cache': 'MISS',
53 silly get     'x-cache-hits': '0',
53 silly get     'x-timer': 'S1478674945.169167,VS0,VE926',
53 silly get     vary: 'Accept-Encoding' } ]
54 verbose stack Error: Registry returned 404 for GET on https://registry.npmjs.org/ng-iban-custom
54 verbose stack     at makeError (C:\Program Files\nodejs\node_modules\npm\node_modules\npm-registry-client\lib\request.js:264:12)
54 verbose stack     at CachingRegistryClient.<anonymous> (C:\Program Files\nodejs\node_modules\npm\node_modules\npm-registry-client\lib\request.js:242:14)
54 verbose stack     at Request._callback (C:\Program Files\nodejs\node_modules\npm\node_modules\npm-registry-client\lib\request.js:172:14)
54 verbose stack     at Request.self.callback (C:\Program Files\nodejs\node_modules\npm\node_modules\request\request.js:200:22)
54 verbose stack     at emitTwo (events.js:87:13)
54 verbose stack     at Request.emit (events.js:172:7)
54 verbose stack     at Request.<anonymous> (C:\Program Files\nodejs\node_modules\npm\node_modules\request\request.js:1067:10)
54 verbose stack     at emitOne (events.js:82:20)
54 verbose stack     at Request.emit (events.js:169:7)
54 verbose stack     at IncomingMessage.<anonymous> (C:\Program Files\nodejs\node_modules\npm\node_modules\request\request.js:988:12)
55 verbose statusCode 404
56 verbose pkgid ng-iban-custom
57 verbose cwd D:\PayLe\PayLe
58 error Windows_NT 10.0.14393
59 error argv "C:\\Program Files\\nodejs\\node.exe" "C:\\Program Files\\nodejs\\node_modules\\npm\\bin\\npm-cli.js" "install" "ng-iban-custom"
60 error node v4.6.0
61 error npm  v2.15.9
62 error code E404
63 error 404 Registry returned 404 for GET on https://registry.npmjs.org/ng-iban-custom
63 error 404
63 error 404 'ng-iban-custom' is not in the npm registry.
63 error 404 You should bug the author to publish it (or use the name yourself!)
63 error 404 It was specified as a dependency of 'payle'
63 error 404
63 error 404 Note that you can also install from a
63 error 404 tarball, folder, http url, or git url.
64 verbose exit [ 1, true ]
